  AdaBoost.cpp
d:\moje dokumenty\studia\informatyka\praca inżynierska\praca-inz\adaptiveboosting\adaptiveboosting\adaboost.cpp(50): warning C4267: 'initializing': conversion from 'size_t' to 'int', possible loss of data
d:\moje dokumenty\studia\informatyka\praca inżynierska\praca-inz\adaptiveboosting\adaptiveboosting\adaboost.cpp(68): warning C4244: 'argument': conversion from 'int' to '_Ty', possible loss of data
          with
          [
              _Ty=float
          ]
d:\moje dokumenty\studia\informatyka\praca inżynierska\praca-inz\adaptiveboosting\adaptiveboosting\adaboost.cpp(78): warning C4244: '=': conversion from 'double' to 'float', possible loss of data
d:\moje dokumenty\studia\informatyka\praca inżynierska\praca-inz\adaptiveboosting\adaptiveboosting\adaboost.cpp(122): warning C4267: 'initializing': conversion from 'size_t' to 'int', possible loss of data
d:\moje dokumenty\studia\informatyka\praca inżynierska\praca-inz\adaptiveboosting\adaptiveboosting\adaboost.cpp(131): warning C4244: 'argument': conversion from 'double' to '_Ty', possible loss of data
          with
          [
              _Ty=float
          ]
d:\moje dokumenty\studia\informatyka\praca inżynierska\praca-inz\adaptiveboosting\adaptiveboosting\adaboost.cpp(144): warning C4244: 'argument': conversion from 'int' to 'const _Ty', possible loss of data
          with
          [
              _Ty=float
          ]
d:\moje dokumenty\studia\informatyka\praca inżynierska\praca-inz\adaptiveboosting\adaptiveboosting\adaboost.cpp(154): warning C4244: 'argument': conversion from '_Ty' to 'const __int64', possible loss of data
          with
          [
              _Ty=float
          ]
d:\moje dokumenty\studia\informatyka\praca inżynierska\praca-inz\adaptiveboosting\adaptiveboosting\adaboost.cpp(157): warning C4244: 'argument': conversion from '_Ty' to 'const __int64', possible loss of data
          with
          [
              _Ty=float
          ]
d:\moje dokumenty\studia\informatyka\praca inżynierska\praca-inz\adaptiveboosting\adaptiveboosting\adaboost.cpp(159): warning C4244: 'argument': conversion from '_Ty' to 'const __int64', possible loss of data
          with
          [
              _Ty=float
          ]
d:\moje dokumenty\studia\informatyka\praca inżynierska\praca-inz\adaptiveboosting\adaptiveboosting\adaboost.cpp(181): warning C4244: 'argument': conversion from 'int' to '_Ty', possible loss of data
          with
          [
              _Ty=float
          ]
d:\moje dokumenty\studia\informatyka\praca inżynierska\praca-inz\adaptiveboosting\adaptiveboosting\adaboost.cpp(190): warning C4244: '=': conversion from 'double' to 'float', possible loss of data
d:\moje dokumenty\studia\informatyka\praca inżynierska\praca-inz\adaptiveboosting\adaptiveboosting\adaboost.cpp(238): warning C4267: 'initializing': conversion from 'size_t' to 'int', possible loss of data
d:\moje dokumenty\studia\informatyka\praca inżynierska\praca-inz\adaptiveboosting\adaptiveboosting\adaboost.cpp(247): warning C4244: 'argument': conversion from 'double' to '_Ty', possible loss of data
          with
          [
              _Ty=float
          ]
d:\moje dokumenty\studia\informatyka\praca inżynierska\praca-inz\adaptiveboosting\adaptiveboosting\adaboost.cpp(303): warning C4244: 'argument': conversion from 'int' to '_Ty', possible loss of data
          with
          [
              _Ty=float
          ]
d:\moje dokumenty\studia\informatyka\praca inżynierska\praca-inz\adaptiveboosting\adaptiveboosting\adaboost.cpp(312): warning C4244: '=': conversion from 'double' to 'float', possible loss of data
c:\program files (x86)\microsoft visual studio\2017\enterprise\vc\tools\msvc\14.16.27023\include\algorithm(3906): warning C4244: 'argument': conversion from 'float' to 'const _Ty', possible loss of data
          with
          [
              _Ty=int
          ]
  c:\program files (x86)\microsoft visual studio\2017\enterprise\vc\tools\msvc\14.16.27023\include\algorithm(4000): note: see reference to function template instantiation 'std::pair<_RanIt,_RanIt> std::_Partition_by_median_guess_unchecked<_RanIt,_Pr>(_RanIt,_RanIt,_Pr)' being compiled
          with
          [
              _RanIt=float *,
              _Pr=std::greater<int>
          ]
  c:\program files (x86)\microsoft visual studio\2017\enterprise\vc\tools\msvc\14.16.27023\include\algorithm(4034): note: see reference to function template instantiation 'void std::_Sort_unchecked<float*,_Fn>(_RanIt,_RanIt,__int64,_Pr)' being compiled
          with
          [
              _Fn=std::greater<int>,
              _RanIt=float *,
              _Pr=std::greater<int>
          ]
  d:\moje dokumenty\studia\informatyka\praca inżynierska\praca-inz\adaptiveboosting\adaptiveboosting\adaboost.cpp(148): note: see reference to function template instantiation 'void std::sort<std::_Vector_iterator<std::_Vector_val<std::_Simple_types<_Ty>>>,std::greater<int>>(const _RanIt,const _RanIt,_Pr)' being compiled
          with
          [
              _Ty=float,
              _RanIt=std::_Vector_iterator<std::_Vector_val<std::_Simple_types<float>>>,
              _Pr=std::greater<int>
          ]
c:\program files (x86)\microsoft visual studio\2017\enterprise\vc\tools\msvc\14.16.27023\include\algorithm(3907): warning C4244: 'argument': conversion from 'float' to 'const _Ty', possible loss of data
          with
          [
              _Ty=int
          ]
c:\program files (x86)\microsoft visual studio\2017\enterprise\vc\tools\msvc\14.16.27023\include\algorithm(3913): warning C4244: 'argument': conversion from 'float' to 'const _Ty', possible loss of data
          with
          [
              _Ty=int
          ]
c:\program files (x86)\microsoft visual studio\2017\enterprise\vc\tools\msvc\14.16.27023\include\algorithm(3914): warning C4244: 'argument': conversion from 'float' to 'const _Ty', possible loss of data
          with
          [
              _Ty=int
          ]
c:\program files (x86)\microsoft visual studio\2017\enterprise\vc\tools\msvc\14.16.27023\include\algorithm(3926): warning C4244: 'argument': conversion from 'float' to 'const _Ty', possible loss of data
          with
          [
              _Ty=int
          ]
c:\program files (x86)\microsoft visual studio\2017\enterprise\vc\tools\msvc\14.16.27023\include\algorithm(3929): warning C4244: 'argument': conversion from 'float' to 'const _Ty', possible loss of data
          with
          [
              _Ty=int
          ]
c:\program files (x86)\microsoft visual studio\2017\enterprise\vc\tools\msvc\14.16.27023\include\algorithm(3946): warning C4244: 'argument': conversion from 'float' to 'const _Ty', possible loss of data
          with
          [
              _Ty=int
          ]
c:\program files (x86)\microsoft visual studio\2017\enterprise\vc\tools\msvc\14.16.27023\include\algorithm(3949): warning C4244: 'argument': conversion from 'float' to 'const _Ty', possible loss of data
          with
          [
              _Ty=int
          ]
c:\program files (x86)\microsoft visual studio\2017\enterprise\vc\tools\msvc\14.16.27023\include\algorithm(3832): warning C4244: 'argument': conversion from 'float' to 'const _Ty', possible loss of data
          with
          [
              _Ty=int
          ]
  c:\program files (x86)\microsoft visual studio\2017\enterprise\vc\tools\msvc\14.16.27023\include\algorithm(4023): note: see reference to function template instantiation '_BidIt std::_Insertion_sort_unchecked<_RanIt,_Pr>(_BidIt,const _BidIt,_Pr)' being compiled
          with
          [
              _BidIt=float *,
              _RanIt=float *,
              _Pr=std::greater<int>
          ]
c:\program files (x86)\microsoft visual studio\2017\enterprise\vc\tools\msvc\14.16.27023\include\algorithm(3840): warning C4244: 'argument': conversion from 'float' to 'const _Ty', possible loss of data
          with
          [
              _Ty=int
          ]
c:\program files (x86)\microsoft visual studio\2017\enterprise\vc\tools\msvc\14.16.27023\include\algorithm(2988): warning C4244: 'argument': conversion from 'float' to 'const _Ty', possible loss of data
          with
          [
              _Ty=int
          ]
  c:\program files (x86)\microsoft visual studio\2017\enterprise\vc\tools\msvc\14.16.27023\include\algorithm(3052): note: see reference to function template instantiation 'void std::_Pop_heap_hole_by_index<_RanIt,float,_Pr>(_RanIt,__int64,__int64,_Ty &&,_Pr)' being compiled
          with
          [
              _RanIt=float *,
              _Pr=std::greater<int>,
              _Ty=float
          ]
  c:\program files (x86)\microsoft visual studio\2017\enterprise\vc\tools\msvc\14.16.27023\include\algorithm(4018): note: see reference to function template instantiation 'void std::_Make_heap_unchecked<_RanIt,_Pr>(_RanIt,_RanIt,_Pr)' being compiled
          with
          [
              _RanIt=float *,
              _Pr=std::greater<int>
          ]
c:\program files (x86)\microsoft visual studio\2017\enterprise\vc\tools\msvc\14.16.27023\include\algorithm(3858): warning C4244: 'argument': conversion from 'float' to 'const _Ty', possible loss of data
          with
          [
              _Ty=int
          ]
  c:\program files (x86)\microsoft visual studio\2017\enterprise\vc\tools\msvc\14.16.27023\include\algorithm(3884): note: see reference to function template instantiation 'void std::_Med3_unchecked<_RanIt,_Pr>(_RanIt,_RanIt,_RanIt,_Pr)' being compiled
          with
          [
              _RanIt=float *,
              _Pr=std::greater<int>
          ]
  c:\program files (x86)\microsoft visual studio\2017\enterprise\vc\tools\msvc\14.16.27023\include\algorithm(3901): note: see reference to function template instantiation 'void std::_Guess_median_unchecked<_RanIt,_Pr>(_RanIt,_RanIt,_RanIt,_Pr)' being compiled
          with
          [
              _RanIt=float *,
              _Pr=std::greater<int>
          ]
  c:\program files (x86)\microsoft visual studio\2017\enterprise\vc\tools\msvc\14.16.27023\include\algorithm(4000): note: see reference to function template instantiation 'std::pair<_RanIt,_RanIt> std::_Partition_by_median_guess_unchecked<_RanIt,_Pr>(_RanIt,_RanIt,_Pr)' being compiled
          with
          [
              _RanIt=float *,
              _Pr=std::greater<int>
          ]
c:\program files (x86)\microsoft visual studio\2017\enterprise\vc\tools\msvc\14.16.27023\include\algorithm(3863): warning C4244: 'argument': conversion from 'float' to 'const _Ty', possible loss of data
          with
          [
              _Ty=int
          ]
c:\program files (x86)\microsoft visual studio\2017\enterprise\vc\tools\msvc\14.16.27023\include\algorithm(3867): warning C4244: 'argument': conversion from 'float' to 'const _Ty', possible loss of data
          with
          [
              _Ty=int
          ]
c:\program files (x86)\microsoft visual studio\2017\enterprise\vc\tools\msvc\14.16.27023\include\algorithm(2938): warning C4244: 'argument': conversion from '_Ty' to 'const _Ty', possible loss of data
          with
          [
              _Ty=float
          ]
          and
          [
              _Ty=int
          ]
  c:\program files (x86)\microsoft visual studio\2017\enterprise\vc\tools\msvc\14.16.27023\include\algorithm(3000): note: see reference to function template instantiation 'void std::_Push_heap_by_index<_RanIt,float,_Pr>(_RanIt,__int64,__int64,_Ty &&,_Pr)' being compiled
          with
          [
              _RanIt=float *,
              _Pr=std::greater<int>,
              _Ty=float
          ]
  c:\program files (x86)\microsoft visual studio\2017\enterprise\vc\tools\msvc\14.16.27023\include\algorithm(3052): note: see reference to function template instantiation 'void std::_Pop_heap_hole_by_index<_RanIt,float,_Pr>(_RanIt,__int64,__int64,_Ty &&,_Pr)' being compiled
          with
          [
              _RanIt=float *,
              _Pr=std::greater<int>,
              _Ty=float
          ]
c:\program files (x86)\microsoft visual studio\2017\enterprise\vc\tools\msvc\14.16.27023\include\algorithm(2938): warning C4244: 'argument': conversion from 'float' to 'const _Ty', possible loss of data
          with
          [
              _Ty=int
          ]
  AdaptiveBoosting.cpp
d:\moje dokumenty\studia\informatyka\praca inżynierska\praca-inz\adaptiveboosting\adaptiveboosting\adaptiveboosting.cpp(19): warning C4244: 'argument': conversion from 'time_t' to 'unsigned int', possible loss of data
  Data.cpp
d:\moje dokumenty\studia\informatyka\praca inżynierska\praca-inz\adaptiveboosting\adaptiveboosting\data.cpp(46): warning C4267: 'argument': conversion from 'size_t' to 'int', possible loss of data
  DecisionStump.cpp
d:\moje dokumenty\studia\informatyka\praca inżynierska\praca-inz\adaptiveboosting\adaptiveboosting\decisionstump.cpp(56): warning C4267: 'initializing': conversion from 'size_t' to 'int', possible loss of data
d:\moje dokumenty\studia\informatyka\praca inżynierska\praca-inz\adaptiveboosting\adaptiveboosting\decisionstump.cpp(57): warning C4267: 'initializing': conversion from 'size_t' to 'int', possible loss of data
d:\moje dokumenty\studia\informatyka\praca inżynierska\praca-inz\adaptiveboosting\adaptiveboosting\decisionstump.cpp(114): warning C4267: 'initializing': conversion from 'size_t' to 'int', possible loss of data
d:\moje dokumenty\studia\informatyka\praca inżynierska\praca-inz\adaptiveboosting\adaptiveboosting\decisionstump.cpp(115): warning C4267: 'initializing': conversion from 'size_t' to 'int', possible loss of data
  Generating code
  4 of 891 functions ( 0.4%) were compiled, the rest were copied from previous compilation.
    0 functions were new in current compilation
    2 functions had inline decision re-evaluated but remain unchanged
  Finished generating code
  AdaptiveBoosting.vcxproj -> D:\Moje dokumenty\Studia\Informatyka\Praca inżynierska\Praca-Inz\AdaptiveBoosting\x64\Release\AdaptiveBoosting.exe
